<?xml version="1.0" encoding="UTF-8"?>
<!-- Generated by org.testng.reporters.JUnitReportReporter -->
<testsuite hostname="Faruq" failures="0" tests="1" name="com.webTable.HowToPullValue" time="17.267" errors="0" timestamp="11 Dec 2022 21:38:20 GMT" skipped="0">
  <testcase classname="com.webTable.HowToPullValue" name="openTable" time="17.267"/>
</testsuite> <!-- com.webTable.HowToPullValue -->
