<?xml version="1.0" encoding="UTF-8"?>
<!-- Generated by org.testng.reporters.JUnitReportReporter -->
<testsuite hostname="Faruq" failures="0" tests="2" name="com.facebookRegistrationTests.RegistrationTest" time="5.572" errors="0" timestamp="2023-02-12T23:53:29 EST" skipped="0">
  <testcase classname="com.facebookRegistrationTests.RegistrationTest" name="registrationTest_Stewrt" time="2.731"/>
  <system-out/>
  <testcase classname="com.facebookRegistrationTests.RegistrationTest" name="registrationTest" time="2.841"/>
  <system-out/>
</testsuite> <!-- com.facebookRegistrationTests.RegistrationTest -->
