<?xml version="1.0" encoding="UTF-8"?>
<!-- Generated by org.testng.reporters.JUnitReportReporter -->
<testsuite hostname="Faruq" failures="0" tests="2" name="com.searchTests.TestSearchPOM" time="13.748" errors="0" timestamp="2023-02-12T23:30:24 EST" skipped="0">
  <testcase classname="com.searchTests.TestSearchPOM" name="testSearchSelenium" time="6.669"/>
  <system-out/>
  <testcase classname="com.searchTests.TestSearchPOM" name="testSearch" time="7.079"/>
  <system-out/>
</testsuite> <!-- com.searchTests.TestSearchPOM -->
