<?xml version="1.0" encoding="UTF-8"?>
<!-- Generated by org.testng.reporters.JUnitReportReporter -->
<testsuite hostname="Faruq" failures="0" tests="2" name="com.facebookLoginTests.LoginTest" time="17.425" errors="0" timestamp="2023-02-16T18:57:24 EST" skipped="0">
  <testcase classname="com.facebookLoginTests.LoginTest" name="testLogin" time="9.957"/>
  <system-out/>
  <testcase classname="com.facebookLoginTests.LoginTest" name="invalidLoginTest" time="7.468"/>
  <system-out/>
</testsuite> <!-- com.facebookLoginTests.LoginTest -->
