<?xml version="1.0" encoding="UTF-8"?>
<!-- Generated by org.testng.reporters.JUnitReportReporter -->
<testsuite hostname="Faruq" failures="0" tests="2" name="com.facebookLoginTests.LoginTest" time="13.906" errors="0" timestamp="2023-02-12T23:53:29 EST" skipped="0">
  <testcase classname="com.facebookLoginTests.LoginTest" name="invalidLoginTest" time="8.606"/>
  <system-out/>
  <testcase classname="com.facebookLoginTests.LoginTest" name="testLogin" time="5.300"/>
  <system-out/>
</testsuite> <!-- com.facebookLoginTests.LoginTest -->
