<?xml version="1.0" encoding="UTF-8"?>
<!-- Generated by org.testng.reporters.JUnitReportReporter -->
<testsuite hostname="Faruq" failures="0" tests="1" name="com.webTable.Assertion" time="16.872" errors="0" timestamp="19 Jan 2023 22:13:50 GMT" skipped="0">
  <testcase classname="com.webTable.Assertion" name="openTable" time="16.872"/>
</testsuite> <!-- com.webTable.Assertion -->
