<?xml version="1.0" encoding="UTF-8"?>
<!-- Generated by org.testng.reporters.JUnitReportReporter -->
<testsuite hostname="Faruq" failures="0" tests="1" name="com.searchTests.TestSearch" time="5.465" errors="0" timestamp="2023-02-12T23:30:24 EST" skipped="0">
  <testcase classname="com.searchTests.TestSearch" name="testSearch" time="5.465"/>
  <system-out/>
</testsuite> <!-- com.searchTests.TestSearch -->
