<?xml version="1.0" encoding="UTF-8"?>
<!-- Generated by org.testng.reporters.JUnitReportReporter -->
<testsuite hostname="Faruq" failures="0" tests="2" name="com.searchTests.TestSearchPOM2" time="15.046" errors="0" timestamp="2023-02-16T18:55:42 EST" skipped="0">
  <testcase classname="com.searchTests.TestSearchPOM2" name="testSearchSelenium" time="7.490"/>
  <system-out/>
  <testcase classname="com.searchTests.TestSearchPOM2" name="testSearch" time="7.556"/>
  <system-out/>
</testsuite> <!-- com.searchTests.TestSearchPOM2 -->
