<?xml version="1.0" encoding="UTF-8"?>
<!-- Generated by org.testng.reporters.JUnitReportReporter -->
<testsuite hostname="Faruq" failures="0" tests="1" name="com.webTable.ParticularRowValue" time="11.795" errors="0" timestamp="11 Dec 2022 23:00:12 GMT" skipped="0">
  <testcase classname="com.webTable.ParticularRowValue" name="openTable" time="11.795"/>
</testsuite> <!-- com.webTable.ParticularRowValue -->
