<?xml version="1.0" encoding="UTF-8"?>
<!-- Generated by org.testng.reporters.JUnitReportReporter -->
<testsuite hostname="Faruq" failures="0" tests="1" name="com.searchTests.TestSearch" time="6.995" errors="0" timestamp="2023-02-16T18:55:42 EST" skipped="0">
  <testcase classname="com.searchTests.TestSearch" name="testSearch" time="6.995"/>
  <system-out/>
</testsuite> <!-- com.searchTests.TestSearch -->
