<?xml version="1.0" encoding="UTF-8"?>
<!-- Generated by org.testng.reporters.JUnitReportReporter -->
<testsuite hostname="Faruq" failures="0" tests="2" name="com.searchTests.TestSearchPOM" time="24.478" errors="0" timestamp="2023-02-16T18:55:42 EST" skipped="0">
  <testcase classname="com.searchTests.TestSearchPOM" name="testSearch" time="7.467"/>
  <system-out/>
  <testcase classname="com.searchTests.TestSearchPOM" name="testSearchSelenium" time="17.011"/>
  <system-out/>
</testsuite> <!-- com.searchTests.TestSearchPOM -->
