<?xml version="1.0" encoding="UTF-8"?>
<!-- Generated by org.testng.reporters.JUnitReportReporter -->
<testsuite hostname="Faruq" failures="0" tests="2" name="com.searchTests.TestSearchPOM2" time="11.950" errors="0" timestamp="2023-02-12T23:30:24 EST" skipped="0">
  <testcase classname="com.searchTests.TestSearchPOM2" name="testSearchSelenium" time="6.136"/>
  <system-out/>
  <testcase classname="com.searchTests.TestSearchPOM2" name="testSearch" time="5.814"/>
  <system-out/>
</testsuite> <!-- com.searchTests.TestSearchPOM2 -->
