<?xml version="1.0" encoding="UTF-8"?>
<!-- Generated by org.testng.reporters.JUnitReportReporter -->
<testsuite hostname="Faruq" failures="0" tests="1" name="com.BaseTest.BaseTest" time="10.466" errors="0" timestamp="12 Feb 2023 23:53:30 GMT" skipped="0">
  <testcase classname="com.BaseTest.BaseTest" name="testSearch" time="10.466"/>
</testsuite> <!-- com.BaseTest.BaseTest -->
