<?xml version="1.0" encoding="UTF-8"?>
<!-- Generated by org.testng.reporters.JUnitReportReporter -->
<testsuite hostname="Faruq" failures="0" tests="1" name="com.webTable.HeaderValue" time="27.520" errors="0" timestamp="11 Dec 2022 22:54:30 GMT" skipped="0">
  <testcase classname="com.webTable.HeaderValue" name="openTable" time="27.520"/>
</testsuite> <!-- com.webTable.HeaderValue -->
